[PREINITIALIZATION][CLIENT][INFO] Thank you to the Patreon supporters below and others who make CraftTweaker possible!
Lucas
NickT
DreamThorn
Jordan Pineo
Zuniroa
Belathus
Pongo Sapiens
NerdyWhiteGuy
Spencer Gilbert
Genryu
Ncc1702
Quaternary
Jessie Sims
Jellycraft
Peregrinus11
Ivy_
Hooley
embeddedt
Jonathan McManus
If you want to support the mod, checkout https://patreon.com/jaredlll08?s=crtmod

[PREINITIALIZATION][CLIENT][INFO] Current loaders after merging: [[preinit]]
[PREINITIALIZATION][CLIENT][INFO] Loading scripts for loader with names [preinit]
[PREINITIALIZATION][CLIENT][INFO] Completed script loading in: 0ms
[PREINITIALIZATION][CLIENT][INFO] Current loaders after merging: [[preinit], [nc_preinit]]
[PREINITIALIZATION][CLIENT][INFO] Loading scripts for loader with names [nc_preinit]
[PREINITIALIZATION][CLIENT][INFO] Completed script loading in: 0ms
[INITIALIZATION][CLIENT][INFO] CraftTweaker: Building registry
[INITIALIZATION][CLIENT][INFO] CraftTweaker: Successfully built item registry
[INITIALIZATION][CLIENT][INFO] Current loaders after merging: [[preinit], [nc_preinit], [recipeevent | crafttweaker]]
[INITIALIZATION][CLIENT][INFO] Loading scripts for loader with names [crafttweaker | recipeevent]
[INITIALIZATION][CLIENT][INFO] Completed script loading in: 0ms
[POSTINITIALIZATION][CLIENT][INFO] Removing recipes for various outputs
[POSTINITIALIZATION][CLIENT][INFO] Applying MrCrayfish's Furniture Mod changes...
[POSTINITIALIZATION][CLIENT][INFO] Cleaning up Fossils Weights
